<?xml version="1.0" encoding="UTF-8"?>
<!-- Generated by org.testng.reporters.JUnitReportReporter -->
<testsuite hostname="001117030057-PC" name="com.guangyun.TestNGLearn1" tests="1" failures="0" timestamp="19 Apr 2017 12:24:31 GMT" time="0.001" errors="0">
  <testcase name="testAdd" time="0.001" classname="com.guangyun.TestNGLearn1"/>
</testsuite> <!-- com.guangyun.TestNGLearn1 -->
